FILE_TYPE=LIBRARY_PARTS;
PRIMITIVE 'RAC03_3.3SK','RAC03_3.3SK_Other';
  PIN
    'VAC_IN_(L)':
      PIN_NUMBER='(1)';
      NO_LOAD_CHECK=BOTH;
      NO_IO_CHECK=BOTH;
      ALLOW_CONNECT=TRUE;
      PINUSE='UNSPEC';
    '-VOUT':
      PIN_NUMBER='(2)';
      NO_LOAD_CHECK=BOTH;
      NO_IO_CHECK=BOTH;
      ALLOW_CONNECT=TRUE;
      PINUSE='UNSPEC';
    '+VOUT':
      PIN_NUMBER='(3)';
      NO_LOAD_CHECK=BOTH;
      NO_IO_CHECK=BOTH;
      ALLOW_CONNECT=TRUE;
      PINUSE='UNSPEC';
    'VAC_IN_(N)':
      PIN_NUMBER='(4)';
      NO_LOAD_CHECK=BOTH;
      NO_IO_CHECK=BOTH;
      ALLOW_CONNECT=TRUE;
      PINUSE='UNSPEC';
  END_PIN;
  BODY
    PART_NAME='RAC03_3.3SK';
    PHYS_DES_PREFIX='PS';
    NO_LOAD_CHECK='TRUE';
    PIN_COUNT='4';
    BODY_NAME='RAC03_3.3SK';
    JEDEC_TYPE='RAC0305SK';
  END_BODY;
END_PRIMITIVE;
END.
